<?xml version="1.0" encoding="UTF-8"?>
<!-- Generated by org.testng.reporters.JUnitReportReporter -->
<testsuite hostname="DESKTOP-6ITAQL4" failures="0" tests="4" name="test4.DragnScreenshot" time="1.199" errors="0" timestamp="2024-07-07T07:48:32 IST" skipped="0">
  <testcase classname="test4.DragnScreenshot" name="t2" time="0.366"/>
  <system-out/>
  <testcase classname="test4.DragnScreenshot" name="t4" time="0.283"/>
  <system-out/>
  <testcase classname="test4.DragnScreenshot" name="t3" time="0.224"/>
  <system-out/>
  <testcase classname="test4.DragnScreenshot" name="t1" time="0.326"/>
  <system-out/>
</testsuite> <!-- test4.DragnScreenshot -->
