<?xml version="1.0" encoding="UTF-8"?>
<!-- Generated by org.testng.reporters.JUnitReportReporter -->
<testsuite hostname="DESKTOP-6ITAQL4" failures="0" tests="1" name="test4.FileUpload" time="3.175" errors="0" timestamp="2024-07-07T08:04:20 IST" skipped="0">
  <testcase classname="test4.FileUpload" name="t1" time="3.175"/>
  <system-out/>
</testsuite> <!-- test4.FileUpload -->
